<?xml version="1.0" encoding="UTF-8"?>
<!-- Generated by org.testng.reporters.JUnitReportReporter -->
<testsuite hostname="LAPTOP-6A5KCRG9" failures="0" tests="1" name="testcase.TestCase2" time="0.956" errors="0" timestamp="2020-07-02T16:37:55 EDT" skipped="0">
  <testcase classname="testcase.TestCase2" name="test2Method" time="0.956"/>
  <system-out/>
</testsuite> <!-- testcase.TestCase2 -->
