<?xml version="1.0" encoding="UTF-8"?>
<!-- Generated by org.testng.reporters.JUnitReportReporter -->
<testsuite hostname="LAPTOP-6A5KCRG9" failures="0" tests="1" name="testcase.TestCase1" time="0.830" errors="0" timestamp="2020-07-02T16:37:55 EDT" skipped="0">
  <testcase classname="testcase.TestCase1" name="test1Method" time="0.830"/>
  <system-out/>
</testsuite> <!-- testcase.TestCase1 -->
